<?xml version="1.0" encoding="utf-8"?><testsuites name="pytest tests"><testsuite name="pytest" errors="0" failures="0" skipped="0" tests="15" time="9.565" timestamp="2026-05-28T14:21:00.518023+00:00" hostname="agent-env-b6aa6d4f-0816-4afe-baff-fe6f647460a5"><testcase classname="backend.tests.test_new_features_iter5.TestStats" name="test_stats_user_scope" time="1.202" /><testcase classname="backend.tests.test_new_features_iter5.TestStats" name="test_stats_all_users_admin_global" time="0.611" /><testcase classname="backend.tests.test_new_features_iter5.TestStats" name="test_stats_all_users_ignored_for_non_admin" time="0.058" /><testcase classname="backend.tests.test_new_features_iter5.TestAllUsersList" name="test_admin_sees_owner" time="0.172" /><testcase classname="backend.tests.test_new_features_iter5.TestAllUsersList" name="test_non_admin_all_users_ignored" time="0.060" /><testcase classname="backend.tests.test_new_features_iter5.TestProfile" name="test_update_profile_name" time="0.689" /><testcase classname="backend.tests.test_new_features_iter5.TestProfile" name="test_profile_requires_auth" time="0.135" /><testcase classname="backend.tests.test_new_features_iter5.TestProfile" name="test_change_password_wrong_current" time="0.895" /><testcase classname="backend.tests.test_new_features_iter5.TestProfile" name="test_change_password_success_and_login" time="1.793" /><testcase classname="backend.tests.test_new_features_iter5.TestProfile" name="test_security_question_update_wrong_pwd" time="0.872" /><testcase classname="backend.tests.test_new_features_iter5.TestProfile" name="test_security_question_update_and_forgot" time="1.200" /><testcase classname="backend.tests.test_new_features_iter5.TestUpload" name="test_upload_exe_rejected" time="0.220" /><testcase classname="backend.tests.test_new_features_iter5.TestUpload" name="test_upload_valid_png" time="0.208" /><testcase classname="backend.tests.test_new_features_iter5.TestUpload" name="test_upload_too_large_413" time="0.846" /><testcase classname="backend.tests.test_new_features_iter5.TestUpload" name="test_upload_replace_deletes_prev" time="0.539" /></testsuite></testsuites>