<?xml version="1.0" encoding="utf-8"?><testsuites name="pytest tests"><testsuite name="pytest" errors="0" failures="0" skipped="0" tests="44" time="25.022" timestamp="2026-05-28T14:38:55.405692+00:00" hostname="agent-env-b6aa6d4f-0816-4afe-baff-fe6f647460a5"><testcase classname="backend.tests.test_auth_and_workorders.TestAuth" name="test_register_sets_cookies_and_returns_user" time="0.748" /><testcase classname="backend.tests.test_auth_and_workorders.TestAuth" name="test_register_duplicate_email" time="0.729" /><testcase classname="backend.tests.test_auth_and_workorders.TestAuth" name="test_login_admin_seeded" time="0.434" /><testcase classname="backend.tests.test_auth_and_workorders.TestAuth" name="test_login_wrong_password" time="0.411" /><testcase classname="backend.tests.test_auth_and_workorders.TestAuth" name="test_me_without_cookie_returns_401" time="0.110" /><testcase classname="backend.tests.test_auth_and_workorders.TestAuth" name="test_me_with_cookie" time="0.065" /><testcase classname="backend.tests.test_auth_and_workorders.TestAuth" name="test_logout_clears_cookies" time="1.094" /><testcase classname="backend.tests.test_auth_and_workorders.TestAuth" name="test_forgot_password_returns_question" time="0.121" /><testcase classname="backend.tests.test_auth_and_workorders.TestAuth" name="test_forgot_password_unknown_email" time="0.126" /><testcase classname="backend.tests.test_auth_and_workorders.TestAuth" name="test_reset_password_case_insensitive" time="1.433" /><testcase classname="backend.tests.test_auth_and_workorders.TestAuth" name="test_reset_password_wrong_answer" time="0.411" /><testcase classname="backend.tests.test_auth_and_workorders.TestLockout" name="test_lockout_after_5_failures" time="2.327" /><testcase classname="backend.tests.test_auth_and_workorders.TestWorkordersAuth" name="test_list_requires_auth" time="0.110" /><testcase classname="backend.tests.test_auth_and_workorders.TestWorkordersAuth" name="test_create_requires_auth" time="0.126" /><testcase classname="backend.tests.test_auth_and_workorders.TestWorkordersAuth" name="test_export_excel_requires_auth" time="0.118" /><testcase classname="backend.tests.test_auth_and_workorders.TestWorkordersAuth" name="test_export_pdf_requires_auth" time="0.143" /><testcase classname="backend.tests.test_auth_and_workorders.TestWorkordersCRUD" name="test_create_default_status_pending" time="0.122" /><testcase classname="backend.tests.test_auth_and_workorders.TestWorkordersCRUD" name="test_create_with_status" time="0.327" /><testcase classname="backend.tests.test_auth_and_workorders.TestWorkordersCRUD" name="test_invalid_status_400" time="0.051" /><testcase classname="backend.tests.test_auth_and_workorders.TestWorkordersCRUD" name="test_update_status" time="0.321" /><testcase classname="backend.tests.test_auth_and_workorders.TestWorkordersCRUD" name="test_list_pagination_envelope" time="0.052" /><testcase classname="backend.tests.test_auth_and_workorders.TestWorkordersCRUD" name="test_pagination_with_many" time="2.404" /><testcase classname="backend.tests.test_auth_and_workorders.TestWorkordersCRUD" name="test_filter_by_status" time="0.246" /><testcase classname="backend.tests.test_auth_and_workorders.TestWorkordersCRUD" name="test_filter_invalid_status" time="0.050" /><testcase classname="backend.tests.test_auth_and_workorders.TestUserIsolation" name="test_user_b_cannot_see_user_a_workorders" time="0.358" /><testcase classname="backend.tests.test_auth_and_workorders.TestUserIsolation" name="test_reorder_scoped_per_user" time="0.208" /><testcase classname="backend.tests.test_auth_and_workorders.TestExports" name="test_excel_includes_estado" time="0.166" /><testcase classname="backend.tests.test_auth_and_workorders.TestExports" name="test_pdf_export" time="0.157" /><testcase classname="backend.tests.test_auth_and_workorders.TestExports" name="test_pdf_respects_status_filter" time="0.159" /><testcase classname="backend.tests.test_new_features_iter5.TestStats" name="test_stats_user_scope" time="1.852" /><testcase classname="backend.tests.test_new_features_iter5.TestStats" name="test_stats_all_users_admin_global" time="1.022" /><testcase classname="backend.tests.test_new_features_iter5.TestStats" name="test_stats_all_users_ignored_for_non_admin" time="0.231" /><testcase classname="backend.tests.test_new_features_iter5.TestAllUsersList" name="test_admin_sees_owner" time="0.458" /><testcase classname="backend.tests.test_new_features_iter5.TestAllUsersList" name="test_non_admin_all_users_ignored" time="0.047" /><testcase classname="backend.tests.test_new_features_iter5.TestProfile" name="test_update_profile_name" time="0.849" /><testcase classname="backend.tests.test_new_features_iter5.TestProfile" name="test_profile_requires_auth" time="0.123" /><testcase classname="backend.tests.test_new_features_iter5.TestProfile" name="test_change_password_wrong_current" time="1.020" /><testcase classname="backend.tests.test_new_features_iter5.TestProfile" name="test_change_password_success_and_login" time="1.820" /><testcase classname="backend.tests.test_new_features_iter5.TestProfile" name="test_security_question_update_wrong_pwd" time="0.828" /><testcase classname="backend.tests.test_new_features_iter5.TestProfile" name="test_security_question_update_and_forgot" time="1.183" /><testcase classname="backend.tests.test_new_features_iter5.TestUpload" name="test_upload_exe_rejected" time="0.259" /><testcase classname="backend.tests.test_new_features_iter5.TestUpload" name="test_upload_valid_png" time="0.593" /><testcase classname="backend.tests.test_new_features_iter5.TestUpload" name="test_upload_too_large_413" time="0.687" /><testcase classname="backend.tests.test_new_features_iter5.TestUpload" name="test_upload_replace_deletes_prev" time="0.624" /></testsuite></testsuites>