<?xml version="1.0" encoding="utf-8"?><testsuites name="pytest tests"><testsuite name="pytest" errors="0" failures="0" skipped="1" tests="29" time="12.512" timestamp="2026-05-28T13:59:28.976149+00:00" hostname="agent-env-b6aa6d4f-0816-4afe-baff-fe6f647460a5"><testcase classname="tests.test_auth_and_workorders.TestAuth" name="test_register_sets_cookies_and_returns_user" time="0.723" /><testcase classname="tests.test_auth_and_workorders.TestAuth" name="test_register_duplicate_email" time="0.671" /><testcase classname="tests.test_auth_and_workorders.TestAuth" name="test_login_admin_seeded" time="0.114"><skipped type="pytest.xfail" message="CRITICAL BUG: seeded admin email admin@local.test rejected by EmailStr (reserved TLD .test)" /></testcase><testcase classname="tests.test_auth_and_workorders.TestAuth" name="test_login_wrong_password" time="0.359" /><testcase classname="tests.test_auth_and_workorders.TestAuth" name="test_me_without_cookie_returns_401" time="0.117" /><testcase classname="tests.test_auth_and_workorders.TestAuth" name="test_me_with_cookie" time="0.061" /><testcase classname="tests.test_auth_and_workorders.TestAuth" name="test_logout_clears_cookies" time="1.082" /><testcase classname="tests.test_auth_and_workorders.TestAuth" name="test_forgot_password_returns_question" time="0.122" /><testcase classname="tests.test_auth_and_workorders.TestAuth" name="test_forgot_password_unknown_email" time="0.117" /><testcase classname="tests.test_auth_and_workorders.TestAuth" name="test_reset_password_case_insensitive" time="1.406" /><testcase classname="tests.test_auth_and_workorders.TestAuth" name="test_reset_password_wrong_answer" time="0.341" /><testcase classname="tests.test_auth_and_workorders.TestLockout" name="test_lockout_after_5_failures" time="2.125" /><testcase classname="tests.test_auth_and_workorders.TestWorkordersAuth" name="test_list_requires_auth" time="0.112" /><testcase classname="tests.test_auth_and_workorders.TestWorkordersAuth" name="test_create_requires_auth" time="0.112" /><testcase classname="tests.test_auth_and_workorders.TestWorkordersAuth" name="test_export_excel_requires_auth" time="0.113" /><testcase classname="tests.test_auth_and_workorders.TestWorkordersAuth" name="test_export_pdf_requires_auth" time="0.154" /><testcase classname="tests.test_auth_and_workorders.TestWorkordersCRUD" name="test_create_default_status_pending" time="0.110" /><testcase classname="tests.test_auth_and_workorders.TestWorkordersCRUD" name="test_create_with_status" time="0.299" /><testcase classname="tests.test_auth_and_workorders.TestWorkordersCRUD" name="test_invalid_status_400" time="0.047" /><testcase classname="tests.test_auth_and_workorders.TestWorkordersCRUD" name="test_update_status" time="0.196" /><testcase classname="tests.test_auth_and_workorders.TestWorkordersCRUD" name="test_list_pagination_envelope" time="0.050" /><testcase classname="tests.test_auth_and_workorders.TestWorkordersCRUD" name="test_pagination_with_many" time="2.338" /><testcase classname="tests.test_auth_and_workorders.TestWorkordersCRUD" name="test_filter_by_status" time="0.265" /><testcase classname="tests.test_auth_and_workorders.TestWorkordersCRUD" name="test_filter_invalid_status" time="0.047" /><testcase classname="tests.test_auth_and_workorders.TestUserIsolation" name="test_user_b_cannot_see_user_a_workorders" time="0.357" /><testcase classname="tests.test_auth_and_workorders.TestUserIsolation" name="test_reorder_scoped_per_user" time="0.202" /><testcase classname="tests.test_auth_and_workorders.TestExports" name="test_excel_includes_estado" time="0.216" /><testcase classname="tests.test_auth_and_workorders.TestExports" name="test_pdf_export" time="0.203" /><testcase classname="tests.test_auth_and_workorders.TestExports" name="test_pdf_respects_status_filter" time="0.153" /></testsuite></testsuites>