<?xml version="1.0" encoding="utf-8"?><testsuites name="pytest tests"><testsuite name="pytest" errors="0" failures="0" skipped="0" tests="14" time="3.208" timestamp="2026-05-28T13:27:15.061264+00:00" hostname="agent-env-b6aa6d4f-0816-4afe-baff-fe6f647460a5"><testcase classname="backend.tests.test_workorders.TestCRUD" name="test_root" time="0.226" /><testcase classname="backend.tests.test_workorders.TestCRUD" name="test_create_returns_id_and_sort_order" time="0.128" /><testcase classname="backend.tests.test_workorders.TestCRUD" name="test_list_sorted_by_sort_order_desc" time="0.271" /><testcase classname="backend.tests.test_workorders.TestCRUD" name="test_get_single" time="0.170" /><testcase classname="backend.tests.test_workorders.TestCRUD" name="test_get_not_found" time="0.052" /><testcase classname="backend.tests.test_workorders.TestCRUD" name="test_update_persists" time="0.203" /><testcase classname="backend.tests.test_workorders.TestCRUD" name="test_delete_removes" time="0.152" /><testcase classname="backend.tests.test_workorders.TestSearchFilters" name="test_search_by_ot_number" time="0.151" /><testcase classname="backend.tests.test_workorders.TestSearchFilters" name="test_filter_by_requestor" time="0.144" /><testcase classname="backend.tests.test_workorders.TestReorder" name="test_reorder_assigns_sort_order" time="0.401" /><testcase classname="backend.tests.test_workorders.TestReorder" name="test_reorder_empty" time="0.049" /><testcase classname="backend.tests.test_workorders.TestExcelExport" name="test_export_returns_xlsx" time="0.254" /><testcase classname="backend.tests.test_workorders.TestAttachments" name="test_upload_and_download" time="0.398" /><testcase classname="backend.tests.test_workorders.TestAttachments" name="test_download_no_attachment" time="0.315" /></testsuite></testsuites>